{"/mnt/c/Users/grrtt/codefellows/code401/event-driven-application/events.js": {"path":"/mnt/c/Users/grrtt/codefellows/code401/event-driven-application/events.js","statementMap":{"0":{"start":{"line":4,"column":15},"end":{"line":4,"column":32}},"1":{"start":{"line":6,"column":15},"end":{"line":6,"column":27}},"2":{"start":{"line":8,"column":0},"end":{"line":8,"column":24}}},"fnMap":{},"branchMap":{},"s":{"0":1,"1":1,"2":1},"f":{},"b":{},"_coverageSchema":"1a1c01bbd47fc00a2c39e90264f33305004495a9","hash":"0daa89bce78fddd23a160099710e49e299290f77"}
}
